<?xml version="1.0" encoding="UTF-8"?>
<!-- Generated by org.testng.reporters.JUnitXMLReporter -->
<testsuite hostname="DESKTOP-SB8JATL" ignored="0" name="Test" tests="9" failures="0" timestamp="2020-11-24T12:17:09 IST" time="160.236" errors="0">
  <testcase name="titleVerification" time="7.587" classname="crm_project.Activity1"/>
  <testcase name="crm" time="0.098" classname="crm_project.Activity2"/>
  <testcase name="copyColorIdentification" time="7.329" classname="crm_project.Activity3"/>
  <testcase name="loginTestCase" time="4.004" classname="crm_project.Activity4"/>
  <testcase name="navigationMenuColor" time="8.76" classname="crm_project.Activity5"/>
  <testcase name="activities" time="3.502" classname="crm_project.Activity6"/>
  <testcase name="tableInfo" time="16.297" classname="crm_project.Activity7"/>
  <testcase name="loginTestCase" time="8.553" classname="crm_project.Activity8"/>
  <testcase name="f" time="14.964" classname="crm_project.Activity9"/>
</testsuite> <!-- Test -->
